<?xml version="1.0" encoding="UTF-8"?>
<!-- Generated by org.testng.reporters.JUnitXMLReporter -->
<testsuite hostname="Alifs-MBP.fios-router.home" ignored="0" name="Surefire test" tests="3" failures="0" timestamp="28 Sep 2018 23:55:45 GMT" time="21.119" errors="0">
  <testcase name="click" time="0.109" classname="testPages.TestHomePage"/>
  <testcase name="click2" time="0.005" classname="testPages.TestHomePage"/>
  <testcase name="search" time="0.171" classname="testPages.TestHomePage"/>
</testsuite> <!-- Surefire test -->
