<?xml version="1.0" encoding="UTF-8"?>
<testng-results skipped="0" failed="0" ignored="0" total="3" passed="3">
  <reporter-output>
  </reporter-output>
  <suite name="Surefire suite" duration-ms="21119" started-at="2018-09-28T23:55:24Z" finished-at="2018-09-28T23:55:45Z">
    <groups>
    </groups>
    <test name="Surefire test" duration-ms="21119" started-at="2018-09-28T23:55:24Z" finished-at="2018-09-28T23:55:45Z">
      <class name="testPages.TestHomePage">
        <test-method status="PASS" signature="setUp(java.lang.String)[pri:0, instance:testPages.TestHomePage@100fc185]" name="setUp" is-config="true" duration-ms="3788" started-at="2018-09-28T23:55:24Z" finished-at="2018-09-28T23:55:28Z">
          <params>
            <param index="0">
              <value>
                <![CDATA[https://www.costco.com/]]>
              </value>
            </param>
          </params>
          <reporter-output>
          </reporter-output>
        </test-method> <!-- setUp -->
        <test-method status="PASS" signature="initializationOfElement()[pri:0, instance:testPages.TestHomePage@100fc185]" name="initializationOfElement" is-config="true" duration-ms="18" started-at="2018-09-28T23:55:28Z" finished-at="2018-09-28T23:55:28Z">
          <reporter-output>
          </reporter-output>
        </test-method> <!-- initializationOfElement -->
        <test-method status="PASS" signature="click()[pri:0, instance:testPages.TestHomePage@100fc185]" name="click" duration-ms="109" started-at="2018-09-28T23:55:28Z" finished-at="2018-09-28T23:55:28Z">
          <reporter-output>
          </reporter-output>
        </test-method> <!-- click -->
        <test-method status="PASS" signature="cleanUp()[pri:0, instance:testPages.TestHomePage@100fc185]" name="cleanUp" is-config="true" duration-ms="7064" started-at="2018-09-28T23:55:28Z" finished-at="2018-09-28T23:55:35Z">
          <reporter-output>
          </reporter-output>
        </test-method> <!-- cleanUp -->
        <test-method status="PASS" signature="setUp(java.lang.String)[pri:0, instance:testPages.TestHomePage@100fc185]" name="setUp" is-config="true" duration-ms="4245" started-at="2018-09-28T23:55:35Z" finished-at="2018-09-28T23:55:39Z">
          <params>
            <param index="0">
              <value>
                <![CDATA[https://www.costco.com/]]>
              </value>
            </param>
          </params>
          <reporter-output>
          </reporter-output>
        </test-method> <!-- setUp -->
        <test-method status="PASS" signature="initializationOfElement()[pri:0, instance:testPages.TestHomePage@100fc185]" name="initializationOfElement" is-config="true" duration-ms="1" started-at="2018-09-28T23:55:39Z" finished-at="2018-09-28T23:55:39Z">
          <reporter-output>
          </reporter-output>
        </test-method> <!-- initializationOfElement -->
        <test-method status="PASS" signature="click2()[pri:0, instance:testPages.TestHomePage@100fc185]" name="click2" duration-ms="5" started-at="2018-09-28T23:55:39Z" finished-at="2018-09-28T23:55:39Z">
          <reporter-output>
          </reporter-output>
        </test-method> <!-- click2 -->
        <test-method status="PASS" signature="cleanUp()[pri:0, instance:testPages.TestHomePage@100fc185]" name="cleanUp" is-config="true" duration-ms="317" started-at="2018-09-28T23:55:39Z" finished-at="2018-09-28T23:55:40Z">
          <reporter-output>
          </reporter-output>
        </test-method> <!-- cleanUp -->
        <test-method status="PASS" signature="setUp(java.lang.String)[pri:0, instance:testPages.TestHomePage@100fc185]" name="setUp" is-config="true" duration-ms="5064" started-at="2018-09-28T23:55:40Z" finished-at="2018-09-28T23:55:45Z">
          <params>
            <param index="0">
              <value>
                <![CDATA[https://www.costco.com/]]>
              </value>
            </param>
          </params>
          <reporter-output>
          </reporter-output>
        </test-method> <!-- setUp -->
        <test-method status="PASS" signature="initializationOfElement()[pri:0, instance:testPages.TestHomePage@100fc185]" name="initializationOfElement" is-config="true" duration-ms="1" started-at="2018-09-28T23:55:45Z" finished-at="2018-09-28T23:55:45Z">
          <reporter-output>
          </reporter-output>
        </test-method> <!-- initializationOfElement -->
        <test-method status="PASS" signature="search()[pri:0, instance:testPages.TestHomePage@100fc185]" name="search" duration-ms="171" started-at="2018-09-28T23:55:45Z" finished-at="2018-09-28T23:55:45Z">
          <reporter-output>
          </reporter-output>
        </test-method> <!-- search -->
        <test-method status="PASS" signature="cleanUp()[pri:0, instance:testPages.TestHomePage@100fc185]" name="cleanUp" is-config="true" duration-ms="316" started-at="2018-09-28T23:55:45Z" finished-at="2018-09-28T23:55:45Z">
          <reporter-output>
          </reporter-output>
        </test-method> <!-- cleanUp -->
      </class> <!-- testPages.TestHomePage -->
    </test> <!-- Surefire test -->
  </suite> <!-- Surefire suite -->
</testng-results>
